# JRE version: Java(TM) SE Runtime Environment (8.0_151-b12) (build 1.8.0_151-b12)
# Java VM: Java HotSpot(TM) 64-Bit Server VM (25.151-b12 mixed mode windows-amd64 compressed oops)
Heap:
 PSYoungGen      total 232960K, used 188902K [0x00000000d6800000, 0x00000000e6200000, 0x0000000100000000)
  eden space 216064K, 81% used [0x00000000d6800000,0x00000000e149ff10,0x00000000e3b00000)
  from space 16896K, 71% used [0x00000000e4c00000,0x00000000e57d9b88,0x00000000e5c80000)
  to   space 17408K, 0% used [0x00000000e3b00000,0x00000000e3b00000,0x00000000e4c00000)
 ParOldGen       total 90624K, used 19349K [0x0000000083800000, 0x0000000089080000, 0x00000000d6800000)
  object space 90624K, 21% used [0x0000000083800000,0x0000000084ae5788,0x0000000089080000)
 Metaspace       used 46569K, capacity 47644K, committed 48000K, reserved 1091584K
  class space    used 5638K, capacity 5894K, committed 6016K, reserved 1048576K
GC Heap History (10 events):
Event: 5.407 GC heap before
{Heap before GC invocations=8 (full 1):
 PSYoungGen      total 116224K, used 116211K [0x00000000d6800000, 0x00000000dfa00000, 0x0000000100000000)
  eden space 107008K, 100% used [0x00000000d6800000,0x00000000dd080000,0x00000000dd080000)
  from space 9216K, 99% used [0x00000000df100000,0x00000000df9fcff0,0x00000000dfa00000)
  to   space 11264K, 0% used [0x00000000de400000,0x00000000de400000,0x00000000def00000)
 ParOldGen       total 56320K, used 10510K [0x0000000083800000, 0x0000000086f00000, 0x00000000d6800000)
  object space 56320K, 18% used [0x0000000083800000,0x0000000084243838,0x0000000086f00000)
 Metaspace       used 32640K, capacity 33472K, committed 33792K, reserved 1079296K
  class space    used 4285K, capacity 4488K, committed 4608K, reserved 1048576K
Event: 5.432 GC heap after
Heap after GC invocations=8 (full 1):
 PSYoungGen      total 138240K, used 11255K [0x00000000d6800000, 0x00000000e2c80000, 0x0000000100000000)
  eden space 126976K, 0% used [0x00000000d6800000,0x00000000d6800000,0x00000000de400000)
  from space 11264K, 99% used [0x00000000de400000,0x00000000deefde00,0x00000000def00000)
  to   space 13824K, 0% used [0x00000000e1f00000,0x00000000e1f00000,0x00000000e2c80000)
 ParOldGen       total 56320K, used 13074K [0x0000000083800000, 0x0000000086f00000, 0x00000000d6800000)
  object space 56320K, 23% used [0x0000000083800000,0x00000000844c48d0,0x0000000086f00000)
 Metaspace       used 32640K, capacity 33472K, committed 33792K, reserved 1079296K
  class space    used 4285K, capacity 4488K, committed 4608K, reserved 1048576K
}
Event: 6.209 GC heap before
{Heap before GC invocations=9 (full 1):
 PSYoungGen      total 138240K, used 76019K [0x00000000d6800000, 0x00000000e2c80000, 0x0000000100000000)
  eden space 126976K, 51% used [0x00000000d6800000,0x00000000da73f050,0x00000000de400000)
  from space 11264K, 99% used [0x00000000de400000,0x00000000deefde00,0x00000000def00000)
  to   space 13824K, 0% used [0x00000000e1f00000,0x00000000e1f00000,0x00000000e2c80000)
 ParOldGen       total 56320K, used 13074K [0x0000000083800000, 0x0000000086f00000, 0x00000000d6800000)
  object space 56320K, 23% used [0x0000000083800000,0x00000000844c48d0,0x0000000086f00000)
 Metaspace       used 34408K, capacity 35328K, committed 35496K, reserved 1079296K
  class space    used 4515K, capacity 4742K, committed 4864K, reserved 1048576K
Event: 6.222 GC heap after
Heap after GC invocations=9 (full 1):
 PSYoungGen      total 185856K, used 13088K [0x00000000d6800000, 0x00000000e4d00000, 0x0000000100000000)
  eden space 172032K, 0% used [0x00000000d6800000,0x00000000d6800000,0x00000000e1000000)
  from space 13824K, 94% used [0x00000000e1f00000,0x00000000e2bc8170,0x00000000e2c80000)
  to   space 15360K, 0% used [0x00000000e1000000,0x00000000e1000000,0x00000000e1f00000)
 ParOldGen       total 56320K, used 13082K [0x0000000083800000, 0x0000000086f00000, 0x00000000d6800000)
  object space 56320K, 23% used [0x0000000083800000,0x00000000844c68d0,0x0000000086f00000)
 Metaspace       used 34408K, capacity 35328K, committed 35496K, reserved 1079296K
  class space    used 4515K, capacity 4742K, committed 4864K, reserved 1048576K
}
Event: 6.222 GC heap before
{Heap before GC invocations=10 (full 2):
 PSYoungGen      total 185856K, used 13088K [0x00000000d6800000, 0x00000000e4d00000, 0x0000000100000000)
  eden space 172032K, 0% used [0x00000000d6800000,0x00000000d6800000,0x00000000e1000000)
  from space 13824K, 94% used [0x00000000e1f00000,0x00000000e2bc8170,0x00000000e2c80000)
  to   space 15360K, 0% used [0x00000000e1000000,0x00000000e1000000,0x00000000e1f00000)
 ParOldGen       total 56320K, used 13082K [0x0000000083800000, 0x0000000086f00000, 0x00000000d6800000)
  object space 56320K, 23% used [0x0000000083800000,0x00000000844c68d0,0x0000000086f00000)
 Metaspace       used 34408K, capacity 35328K, committed 35496K, reserved 1079296K
  class space    used 4515K, capacity 4742K, committed 4864K, reserved 1048576K
Event: 6.317 GC heap after
Heap after GC invocations=10 (full 2):
 PSYoungGen      total 185856K, used 0K [0x00000000d6800000, 0x00000000e4d00000, 0x0000000100000000)
  eden space 172032K, 0% used [0x00000000d6800000,0x00000000d6800000,0x00000000e1000000)
  from space 13824K, 0% used [0x00000000e1f00000,0x00000000e1f00000,0x00000000e2c80000)
  to   space 15360K, 0% used [0x00000000e1000000,0x00000000e1000000,0x00000000e1f00000)
 ParOldGen       total 90624K, used 19341K [0x0000000083800000, 0x0000000089080000, 0x00000000d6800000)
  object space 90624K, 21% used [0x0000000083800000,0x0000000084ae3788,0x0000000089080000)
 Metaspace       used 34408K, capacity 35328K, committed 35496K, reserved 1079296K
  class space    used 4515K, capacity 4742K, committed 4864K, reserved 1048576K
}
Event: 9.692 GC heap before
{Heap before GC invocations=11 (full 2):
 PSYoungGen      total 185856K, used 172032K [0x00000000d6800000, 0x00000000e4d00000, 0x0000000100000000)
  eden space 172032K, 100% used [0x00000000d6800000,0x00000000e1000000,0x00000000e1000000)
  from space 13824K, 0% used [0x00000000e1f00000,0x00000000e1f00000,0x00000000e2c80000)
  to   space 15360K, 0% used [0x00000000e1000000,0x00000000e1000000,0x00000000e1f00000)
 ParOldGen       total 90624K, used 19341K [0x0000000083800000, 0x0000000089080000, 0x00000000d6800000)
  object space 90624K, 21% used [0x0000000083800000,0x0000000084ae3788,0x0000000089080000)
 Metaspace       used 45612K, capacity 46652K, committed 46848K, reserved 1089536K
  class space    used 5604K, capacity 5862K, committed 5888K, reserved 1048576K
Event: 9.706 GC heap after
Heap after GC invocations=11 (full 2):
 PSYoungGen      total 187392K, used 14777K [0x00000000d6800000, 0x00000000e5c80000, 0x0000000100000000)
  eden space 172032K, 0% used [0x00000000d6800000,0x00000000d6800000,0x00000000e1000000)
  from space 15360K, 96% used [0x00000000e1000000,0x00000000e1e6e500,0x00000000e1f00000)
  to   space 16896K, 0% used [0x00000000e4c00000,0x00000000e4c00000,0x00000000e5c80000)
 ParOldGen       total 90624K, used 19349K [0x0000000083800000, 0x0000000089080000, 0x00000000d6800000)
  object space 90624K, 21% used [0x0000000083800000,0x0000000084ae5788,0x0000000089080000)
 Metaspace       used 45612K, capacity 46652K, committed 46848K, reserved 1089536K
  class space    used 5604K, capacity 5862K, committed 5888K, reserved 1048576K
}
Event: 10.760 GC heap before
{Heap before GC invocations=12 (full 2):
 PSYoungGen      total 187392K, used 186809K [0x00000000d6800000, 0x00000000e5c80000, 0x0000000100000000)
  eden space 172032K, 100% used [0x00000000d6800000,0x00000000e1000000,0x00000000e1000000)
  from space 15360K, 96% used [0x00000000e1000000,0x00000000e1e6e500,0x00000000e1f00000)
  to   space 16896K, 0% used [0x00000000e4c00000,0x00000000e4c00000,0x00000000e5c80000)
 ParOldGen       total 90624K, used 19349K [0x0000000083800000, 0x0000000089080000, 0x00000000d6800000)
  object space 90624K, 21% used [0x0000000083800000,0x0000000084ae5788,0x0000000089080000)
 Metaspace       used 46019K, capacity 47100K, committed 47360K, reserved 1091584K
  class space    used 5616K, capacity 5862K, committed 5888K, reserved 1048576K
Event: 10.790 GC heap after
Heap after GC invocations=12 (full 2):
 PSYoungGen      total 232960K, used 12134K [0x00000000d6800000, 0x00000000e6200000, 0x0000000100000000)
  eden space 216064K, 0% used [0x00000000d6800000,0x00000000d6800000,0x00000000e3b00000)
  from space 16896K, 71% used [0x00000000e4c00000,0x00000000e57d9b88,0x00000000e5c80000)
  to   space 17408K, 0% used [0x00000000e3b00000,0x00000000e3b00000,0x00000000e4c00000)
 ParOldGen       total 90624K, used 19349K [0x0000000083800000, 0x0000000089080000, 0x00000000d6800000)
  object space 90624K, 21% used [0x0000000083800000,0x0000000084ae5788,0x0000000089080000)
 Metaspace       used 46019K, capacity 47100K, committed 47360K, reserved 1091584K
  class space    used 5616K, capacity 5862K, committed 5888K, reserved 1048576K
}

